2024/09/06 19:24:52 [emerg] 1#1: directive "root" is not terminated by ";" in /etc/nginx/conf.d/hello-test.conf:8
2024/09/06 20:04:46 [emerg] 1#1: unknown directive "127.0.0.1" in /etc/nginx/conf.d/hello-test.conf:2
2024/09/06 20:11:24 [emerg] 1#1: unknown directive "127.0.0.1" in /etc/nginx/conf.d/hello-test.conf:2
2024/09/06 20:13:10 [emerg] 1#1: unknown directive "127.0.0.1" in /etc/nginx/conf.d/hello-test.conf:2
2024/09/06 20:24:14 [emerg] 1#1: unknown directive "hello.test" in /etc/nginx/conf.d/hello-test.conf:2
2024/09/06 20:26:40 [emerg] 1#1: unknown directive "hello.test" in /etc/nginx/conf.d/hello-test.conf:2
2024/09/07 07:20:56 [emerg] 1#1: unknown directive "hello.test" in /etc/nginx/conf.d/hello-test.conf:2
2024/09/07 07:29:35 [emerg] 1#1: unknown directive "hello.test" in /etc/nginx/conf.d/hello-test.conf:2
2024/09/07 13:39:29 [notice] 1#1: using the "epoll" event method
2024/09/07 13:39:29 [notice] 1#1: nginx/1.27.1
2024/09/07 13:39:29 [notice] 1#1: built by gcc 12.2.0 (Debian 12.2.0-14) 
2024/09/07 13:39:29 [notice] 1#1: OS: Linux 6.8.11-amd64
2024/09/07 13:39:29 [notice] 1#1: getrlimit(RLIMIT_NOFILE): 1073741816:1073741816
2024/09/07 13:39:29 [notice] 1#1: start worker processes
2024/09/07 13:39:29 [notice] 1#1: start worker process 20
2024/09/07 13:39:29 [notice] 1#1: start worker process 21
2024/09/07 13:39:29 [notice] 1#1: start worker process 22
2024/09/07 13:39:29 [notice] 1#1: start worker process 23
2024/09/07 13:39:29 [notice] 1#1: start worker process 24
2024/09/07 13:39:29 [notice] 1#1: start worker process 25
2024/09/07 13:44:56 [notice] 1#1: signal 3 (SIGQUIT) received, shutting down
2024/09/07 13:44:56 [notice] 20#20: gracefully shutting down
2024/09/07 13:44:56 [notice] 21#21: gracefully shutting down
2024/09/07 13:44:56 [notice] 25#25: gracefully shutting down
2024/09/07 13:44:56 [notice] 21#21: exiting
2024/09/07 13:44:56 [notice] 20#20: exiting
2024/09/07 13:44:56 [notice] 25#25: exiting
2024/09/07 13:44:56 [notice] 23#23: gracefully shutting down
2024/09/07 13:44:56 [notice] 20#20: exit
2024/09/07 13:44:56 [notice] 21#21: exit
2024/09/07 13:44:56 [notice] 23#23: exiting
2024/09/07 13:44:56 [notice] 25#25: exit
2024/09/07 13:44:56 [notice] 23#23: exit
2024/09/07 13:44:56 [notice] 22#22: gracefully shutting down
2024/09/07 13:44:56 [notice] 24#24: gracefully shutting down
2024/09/07 13:44:56 [notice] 22#22: exiting
2024/09/07 13:44:56 [notice] 24#24: exiting
2024/09/07 13:44:56 [notice] 22#22: exit
2024/09/07 13:44:56 [notice] 24#24: exit
2024/09/07 13:44:56 [notice] 1#1: signal 17 (SIGCHLD) received from 20
2024/09/07 13:44:56 [notice] 1#1: worker process 20 exited with code 0
2024/09/07 13:44:56 [notice] 1#1: signal 29 (SIGIO) received
2024/09/07 13:44:56 [notice] 1#1: signal 17 (SIGCHLD) received from 21
2024/09/07 13:44:56 [notice] 1#1: worker process 21 exited with code 0
2024/09/07 13:44:56 [notice] 1#1: worker process 22 exited with code 0
2024/09/07 13:44:56 [notice] 1#1: signal 29 (SIGIO) received
2024/09/07 13:44:56 [notice] 1#1: signal 17 (SIGCHLD) received from 24
2024/09/07 13:44:56 [notice] 1#1: worker process 23 exited with code 0
2024/09/07 13:44:56 [notice] 1#1: worker process 24 exited with code 0
2024/09/07 13:44:56 [notice] 1#1: signal 29 (SIGIO) received
2024/09/07 13:44:56 [notice] 1#1: signal 17 (SIGCHLD) received from 25
2024/09/07 13:44:56 [notice] 1#1: worker process 25 exited with code 0
2024/09/07 13:44:56 [notice] 1#1: exit
2024/09/07 13:44:57 [emerg] 1#1: unknown directive "127.0.0.1" in /etc/nginx/conf.d/hello-test.conf:4
2024/09/07 13:45:29 [emerg] 1#1: unknown directive "127.0.0.1" in /etc/nginx/conf.d/hello-test.conf:4
2024/09/07 13:46:38 [emerg] 1#1: unknown directive "127.0.0.1" in /etc/nginx/conf.d/hello-test.conf:4
2024/09/07 13:48:16 [emerg] 1#1: unknown directive "127.0.0.1" in /etc/nginx/conf.d/hello-test.conf:4
2024/09/07 13:48:52 [notice] 1#1: using the "epoll" event method
2024/09/07 13:48:52 [notice] 1#1: nginx/1.27.1
2024/09/07 13:48:52 [notice] 1#1: built by gcc 12.2.0 (Debian 12.2.0-14) 
2024/09/07 13:48:52 [notice] 1#1: OS: Linux 6.8.11-amd64
2024/09/07 13:48:52 [notice] 1#1: getrlimit(RLIMIT_NOFILE): 1073741816:1073741816
2024/09/07 13:48:52 [notice] 1#1: start worker processes
2024/09/07 13:48:52 [notice] 1#1: start worker process 20
2024/09/07 13:48:52 [notice] 1#1: start worker process 21
2024/09/07 13:48:52 [notice] 1#1: start worker process 22
2024/09/07 13:48:52 [notice] 1#1: start worker process 23
2024/09/07 13:48:52 [notice] 1#1: start worker process 24
2024/09/07 13:48:52 [notice] 1#1: start worker process 25
2024/09/07 13:51:14 [notice] 1#1: signal 3 (SIGQUIT) received, shutting down
2024/09/07 13:51:14 [notice] 20#20: gracefully shutting down
2024/09/07 13:51:14 [notice] 21#21: gracefully shutting down
2024/09/07 13:51:14 [notice] 20#20: exiting
2024/09/07 13:51:14 [notice] 21#21: exiting
2024/09/07 13:51:14 [notice] 22#22: gracefully shutting down
2024/09/07 13:51:14 [notice] 22#22: exiting
2024/09/07 13:51:14 [notice] 20#20: exit
2024/09/07 13:51:14 [notice] 21#21: exit
2024/09/07 13:51:14 [notice] 22#22: exit
2024/09/07 13:51:14 [notice] 24#24: gracefully shutting down
2024/09/07 13:51:14 [notice] 24#24: exiting
2024/09/07 13:51:14 [notice] 24#24: exit
2024/09/07 13:51:14 [notice] 25#25: gracefully shutting down
2024/09/07 13:51:14 [notice] 25#25: exiting
2024/09/07 13:51:14 [notice] 25#25: exit
2024/09/07 13:51:14 [notice] 23#23: gracefully shutting down
2024/09/07 13:51:14 [notice] 23#23: exiting
2024/09/07 13:51:14 [notice] 23#23: exit
2024/09/07 13:51:14 [notice] 1#1: signal 17 (SIGCHLD) received from 24
2024/09/07 13:51:14 [notice] 1#1: worker process 24 exited with code 0
2024/09/07 13:51:14 [notice] 1#1: signal 29 (SIGIO) received
2024/09/07 13:51:14 [notice] 1#1: signal 17 (SIGCHLD) received from 20
2024/09/07 13:51:14 [notice] 1#1: worker process 20 exited with code 0
2024/09/07 13:51:14 [notice] 1#1: worker process 21 exited with code 0
2024/09/07 13:51:14 [notice] 1#1: worker process 25 exited with code 0
2024/09/07 13:51:14 [notice] 1#1: signal 29 (SIGIO) received
2024/09/07 13:51:14 [notice] 1#1: signal 17 (SIGCHLD) received from 23
2024/09/07 13:51:14 [notice] 1#1: worker process 23 exited with code 0
2024/09/07 13:51:14 [notice] 1#1: signal 29 (SIGIO) received
2024/09/07 13:51:14 [notice] 1#1: signal 17 (SIGCHLD) received from 22
2024/09/07 13:51:14 [notice] 1#1: worker process 22 exited with code 0
2024/09/07 13:51:14 [notice] 1#1: exit
2024/09/07 13:51:15 [notice] 1#1: using the "epoll" event method
2024/09/07 13:51:15 [notice] 1#1: nginx/1.27.1
2024/09/07 13:51:15 [notice] 1#1: built by gcc 12.2.0 (Debian 12.2.0-14) 
2024/09/07 13:51:15 [notice] 1#1: OS: Linux 6.8.11-amd64
2024/09/07 13:51:15 [notice] 1#1: getrlimit(RLIMIT_NOFILE): 1073741816:1073741816
2024/09/07 13:51:15 [notice] 1#1: start worker processes
2024/09/07 13:51:15 [notice] 1#1: start worker process 20
2024/09/07 13:51:15 [notice] 1#1: start worker process 21
2024/09/07 13:51:15 [notice] 1#1: start worker process 22
2024/09/07 13:51:15 [notice] 1#1: start worker process 23
2024/09/07 13:51:15 [notice] 1#1: start worker process 24
2024/09/07 13:51:15 [notice] 1#1: start worker process 25
2024/09/07 13:54:22 [notice] 1#1: signal 3 (SIGQUIT) received, shutting down
2024/09/07 13:54:22 [notice] 22#22: gracefully shutting down
2024/09/07 13:54:22 [notice] 22#22: exiting
2024/09/07 13:54:22 [notice] 20#20: gracefully shutting down
2024/09/07 13:54:22 [notice] 23#23: gracefully shutting down
2024/09/07 13:54:22 [notice] 21#21: gracefully shutting down
2024/09/07 13:54:22 [notice] 22#22: exit
2024/09/07 13:54:22 [notice] 20#20: exiting
2024/09/07 13:54:22 [notice] 23#23: exiting
2024/09/07 13:54:22 [notice] 21#21: exiting
2024/09/07 13:54:22 [notice] 20#20: exit
2024/09/07 13:54:22 [notice] 23#23: exit
2024/09/07 13:54:22 [notice] 21#21: exit
2024/09/07 13:54:22 [notice] 24#24: gracefully shutting down
2024/09/07 13:54:22 [notice] 24#24: exiting
2024/09/07 13:54:22 [notice] 24#24: exit
2024/09/07 13:54:22 [notice] 25#25: gracefully shutting down
2024/09/07 13:54:22 [notice] 25#25: exiting
2024/09/07 13:54:22 [notice] 25#25: exit
2024/09/07 13:54:22 [notice] 1#1: signal 17 (SIGCHLD) received from 22
2024/09/07 13:54:22 [notice] 1#1: worker process 22 exited with code 0
2024/09/07 13:54:22 [notice] 1#1: signal 29 (SIGIO) received
2024/09/07 13:54:22 [notice] 1#1: signal 17 (SIGCHLD) received from 20
2024/09/07 13:54:22 [notice] 1#1: worker process 20 exited with code 0
2024/09/07 13:54:22 [notice] 1#1: signal 29 (SIGIO) received
2024/09/07 13:54:22 [notice] 1#1: signal 17 (SIGCHLD) received from 23
2024/09/07 13:54:22 [notice] 1#1: worker process 23 exited with code 0
2024/09/07 13:54:22 [notice] 1#1: signal 29 (SIGIO) received
2024/09/07 13:54:22 [notice] 1#1: signal 17 (SIGCHLD) received from 21
2024/09/07 13:54:22 [notice] 1#1: worker process 21 exited with code 0
2024/09/07 13:54:22 [notice] 1#1: signal 29 (SIGIO) received
2024/09/07 13:54:22 [notice] 1#1: signal 17 (SIGCHLD) received from 25
2024/09/07 13:54:22 [notice] 1#1: worker process 25 exited with code 0
2024/09/07 13:54:22 [notice] 1#1: signal 17 (SIGCHLD) received from 24
2024/09/07 13:54:22 [notice] 1#1: worker process 24 exited with code 0
2024/09/07 13:54:22 [notice] 1#1: exit
2024/09/07 13:54:23 [notice] 1#1: using the "epoll" event method
2024/09/07 13:54:23 [notice] 1#1: nginx/1.27.1
2024/09/07 13:54:23 [notice] 1#1: built by gcc 12.2.0 (Debian 12.2.0-14) 
2024/09/07 13:54:23 [notice] 1#1: OS: Linux 6.8.11-amd64
2024/09/07 13:54:23 [notice] 1#1: getrlimit(RLIMIT_NOFILE): 1073741816:1073741816
2024/09/07 13:54:23 [notice] 1#1: start worker processes
2024/09/07 13:54:23 [notice] 1#1: start worker process 19
2024/09/07 13:54:23 [notice] 1#1: start worker process 20
2024/09/07 13:54:23 [notice] 1#1: start worker process 21
2024/09/07 13:54:23 [notice] 1#1: start worker process 22
2024/09/07 13:54:23 [notice] 1#1: start worker process 23
2024/09/07 13:54:23 [notice] 1#1: start worker process 24
2024/09/07 13:54:36 [error] 20#20: *1 connect() failed (111: Connection refused) while connecting to upstream, client: 172.18.0.1, server: hello.test, request: "GET / HTTP/1.1", upstream: "http://127.0.0.1:8000/index.php", host: "localhost:8000"
2024/09/07 13:55:02 [error] 23#23: *4 connect() failed (111: Connection refused) while connecting to upstream, client: 172.18.0.1, server: hello.test, request: "GET / HTTP/1.1", upstream: "http://127.0.0.1:8000/index.php", host: "127.0.0.1:8000"
2024/09/07 13:55:05 [error] 23#23: *4 connect() failed (111: Connection refused) while connecting to upstream, client: 172.18.0.1, server: hello.test, request: "GET / HTTP/1.1", upstream: "http://127.0.0.1:8000/index.php", host: "127.0.0.1:8000"
2024/09/07 13:55:46 [error] 23#23: *4 connect() failed (111: Connection refused) while connecting to upstream, client: 172.18.0.1, server: hello.test, request: "GET / HTTP/1.1", upstream: "http://127.0.0.1:8000/index.php", host: "127.0.0.1:8000"
2024/09/07 14:03:17 [notice] 1#1: signal 3 (SIGQUIT) received, shutting down
2024/09/07 14:03:17 [notice] 21#21: gracefully shutting down
2024/09/07 14:03:17 [notice] 23#23: gracefully shutting down
2024/09/07 14:03:17 [notice] 24#24: gracefully shutting down
2024/09/07 14:03:17 [notice] 22#22: gracefully shutting down
2024/09/07 14:03:17 [notice] 21#21: exiting
2024/09/07 14:03:17 [notice] 24#24: exiting
2024/09/07 14:03:17 [notice] 23#23: exiting
2024/09/07 14:03:17 [notice] 20#20: gracefully shutting down
2024/09/07 14:03:17 [notice] 22#22: exiting
2024/09/07 14:03:17 [notice] 20#20: exiting
2024/09/07 14:03:17 [notice] 23#23: exit
2024/09/07 14:03:17 [notice] 22#22: exit
2024/09/07 14:03:17 [notice] 21#21: exit
2024/09/07 14:03:17 [notice] 24#24: exit
2024/09/07 14:03:17 [notice] 20#20: exit
2024/09/07 14:03:17 [notice] 19#19: gracefully shutting down
2024/09/07 14:03:17 [notice] 19#19: exiting
2024/09/07 14:03:17 [notice] 19#19: exit
2024/09/07 14:03:17 [notice] 1#1: signal 17 (SIGCHLD) received from 22
2024/09/07 14:03:17 [notice] 1#1: worker process 22 exited with code 0
2024/09/07 14:03:17 [notice] 1#1: signal 29 (SIGIO) received
2024/09/07 14:03:17 [notice] 1#1: signal 17 (SIGCHLD) received from 20
2024/09/07 14:03:17 [notice] 1#1: worker process 20 exited with code 0
2024/09/07 14:03:17 [notice] 1#1: signal 29 (SIGIO) received
2024/09/07 14:03:17 [notice] 1#1: signal 17 (SIGCHLD) received from 21
2024/09/07 14:03:17 [notice] 1#1: worker process 21 exited with code 0
2024/09/07 14:03:17 [notice] 1#1: signal 29 (SIGIO) received
2024/09/07 14:03:17 [notice] 1#1: signal 17 (SIGCHLD) received from 19
2024/09/07 14:03:17 [notice] 1#1: worker process 19 exited with code 0
2024/09/07 14:03:17 [notice] 1#1: signal 29 (SIGIO) received
2024/09/07 14:03:17 [notice] 1#1: signal 17 (SIGCHLD) received from 24
2024/09/07 14:03:17 [notice] 1#1: worker process 23 exited with code 0
2024/09/07 14:03:17 [notice] 1#1: worker process 24 exited with code 0
2024/09/07 14:03:17 [notice] 1#1: exit
2024/09/07 14:03:18 [notice] 1#1: using the "epoll" event method
2024/09/07 14:03:18 [notice] 1#1: nginx/1.27.1
2024/09/07 14:03:18 [notice] 1#1: built by gcc 12.2.0 (Debian 12.2.0-14) 
2024/09/07 14:03:18 [notice] 1#1: OS: Linux 6.8.11-amd64
2024/09/07 14:03:18 [notice] 1#1: getrlimit(RLIMIT_NOFILE): 1073741816:1073741816
2024/09/07 14:03:18 [notice] 1#1: start worker processes
2024/09/07 14:03:18 [notice] 1#1: start worker process 20
2024/09/07 14:03:18 [notice] 1#1: start worker process 21
2024/09/07 14:03:18 [notice] 1#1: start worker process 22
2024/09/07 14:03:18 [notice] 1#1: start worker process 23
2024/09/07 14:03:18 [notice] 1#1: start worker process 24
2024/09/07 14:03:18 [notice] 1#1: start worker process 25
2024/09/07 14:03:30 [error] 20#20: *1 connect() failed (111: Connection refused) while connecting to upstream, client: 172.18.0.1, server: site1.example.com, request: "GET / HTTP/1.1", upstream: "http://172.18.0.4:8000/", host: "127.0.0.1:8000"
2024/09/07 14:03:31 [error] 20#20: *1 connect() failed (111: Connection refused) while connecting to upstream, client: 172.18.0.1, server: site1.example.com, request: "GET / HTTP/1.1", upstream: "http://172.18.0.4:8000/", host: "127.0.0.1:8000"
2024/09/07 14:04:18 [notice] 1#1: signal 3 (SIGQUIT) received, shutting down
2024/09/07 14:04:18 [notice] 21#21: gracefully shutting down
2024/09/07 14:04:18 [notice] 23#23: gracefully shutting down
2024/09/07 14:04:18 [notice] 21#21: exiting
2024/09/07 14:04:18 [notice] 23#23: exiting
2024/09/07 14:04:18 [notice] 21#21: exit
2024/09/07 14:04:18 [notice] 23#23: exit
2024/09/07 14:04:18 [notice] 20#20: gracefully shutting down
2024/09/07 14:04:18 [notice] 20#20: exiting
2024/09/07 14:04:18 [notice] 20#20: exit
2024/09/07 14:04:18 [notice] 22#22: gracefully shutting down
2024/09/07 14:04:18 [notice] 22#22: exiting
2024/09/07 14:04:18 [notice] 22#22: exit
2024/09/07 14:04:18 [notice] 24#24: gracefully shutting down
2024/09/07 14:04:18 [notice] 24#24: exiting
2024/09/07 14:04:18 [notice] 24#24: exit
2024/09/07 14:04:18 [notice] 25#25: gracefully shutting down
2024/09/07 14:04:18 [notice] 25#25: exiting
2024/09/07 14:04:18 [notice] 25#25: exit
2024/09/07 14:04:18 [notice] 1#1: signal 17 (SIGCHLD) received from 23
2024/09/07 14:04:18 [notice] 1#1: worker process 23 exited with code 0
2024/09/07 14:04:18 [notice] 1#1: signal 29 (SIGIO) received
2024/09/07 14:04:18 [notice] 1#1: signal 17 (SIGCHLD) received from 24
2024/09/07 14:04:18 [notice] 1#1: worker process 24 exited with code 0
2024/09/07 14:04:18 [notice] 1#1: signal 29 (SIGIO) received
2024/09/07 14:04:18 [notice] 1#1: signal 17 (SIGCHLD) received from 20
2024/09/07 14:04:18 [notice] 1#1: worker process 20 exited with code 0
2024/09/07 14:04:18 [notice] 1#1: worker process 21 exited with code 0
2024/09/07 14:04:18 [notice] 1#1: signal 29 (SIGIO) received
2024/09/07 14:04:18 [notice] 1#1: signal 17 (SIGCHLD) received from 25
2024/09/07 14:04:18 [notice] 1#1: worker process 25 exited with code 0
2024/09/07 14:04:18 [notice] 1#1: signal 29 (SIGIO) received
2024/09/07 14:04:18 [notice] 1#1: signal 17 (SIGCHLD) received from 22
2024/09/07 14:04:18 [notice] 1#1: worker process 22 exited with code 0
2024/09/07 14:04:18 [notice] 1#1: exit
2024/09/07 14:04:19 [notice] 1#1: using the "epoll" event method
2024/09/07 14:04:19 [notice] 1#1: nginx/1.27.1
2024/09/07 14:04:19 [notice] 1#1: built by gcc 12.2.0 (Debian 12.2.0-14) 
2024/09/07 14:04:19 [notice] 1#1: OS: Linux 6.8.11-amd64
2024/09/07 14:04:19 [notice] 1#1: getrlimit(RLIMIT_NOFILE): 1073741816:1073741816
2024/09/07 14:04:19 [notice] 1#1: start worker processes
2024/09/07 14:04:19 [notice] 1#1: start worker process 20
2024/09/07 14:04:19 [notice] 1#1: start worker process 21
2024/09/07 14:04:19 [notice] 1#1: start worker process 22
2024/09/07 14:04:19 [notice] 1#1: start worker process 23
2024/09/07 14:04:19 [notice] 1#1: start worker process 24
2024/09/07 14:04:19 [notice] 1#1: start worker process 25
2024/09/07 14:04:42 [error] 20#20: *1 connect() failed (111: Connection refused) while connecting to upstream, client: 172.18.0.1, server: hello.test, request: "GET / HTTP/1.1", upstream: "http://172.18.0.4:8000/", host: "127.0.0.1:8000"
2024/09/07 14:04:44 [error] 20#20: *1 connect() failed (111: Connection refused) while connecting to upstream, client: 172.18.0.1, server: hello.test, request: "GET / HTTP/1.1", upstream: "http://172.18.0.4:8000/", host: "127.0.0.1:8000"
2024/09/07 14:06:24 [notice] 1#1: signal 3 (SIGQUIT) received, shutting down
2024/09/07 14:06:24 [notice] 22#22: gracefully shutting down
2024/09/07 14:06:24 [notice] 20#20: gracefully shutting down
2024/09/07 14:06:24 [notice] 24#24: gracefully shutting down
2024/09/07 14:06:24 [notice] 25#25: gracefully shutting down
2024/09/07 14:06:24 [notice] 23#23: gracefully shutting down
2024/09/07 14:06:24 [notice] 22#22: exiting
2024/09/07 14:06:24 [notice] 20#20: exiting
2024/09/07 14:06:24 [notice] 24#24: exiting
2024/09/07 14:06:24 [notice] 25#25: exiting
2024/09/07 14:06:24 [notice] 23#23: exiting
2024/09/07 14:06:24 [notice] 20#20: exit
2024/09/07 14:06:24 [notice] 23#23: exit
2024/09/07 14:06:24 [notice] 22#22: exit
2024/09/07 14:06:24 [notice] 24#24: exit
2024/09/07 14:06:24 [notice] 25#25: exit
2024/09/07 14:06:24 [notice] 21#21: gracefully shutting down
2024/09/07 14:06:24 [notice] 21#21: exiting
2024/09/07 14:06:24 [notice] 21#21: exit
2024/09/07 14:06:24 [notice] 1#1: signal 17 (SIGCHLD) received from 20
2024/09/07 14:06:24 [notice] 1#1: worker process 20 exited with code 0
2024/09/07 14:06:24 [notice] 1#1: signal 29 (SIGIO) received
2024/09/07 14:06:24 [notice] 1#1: signal 17 (SIGCHLD) received from 24
2024/09/07 14:06:24 [notice] 1#1: worker process 24 exited with code 0
2024/09/07 14:06:24 [notice] 1#1: worker process 25 exited with code 0
2024/09/07 14:06:24 [notice] 1#1: signal 29 (SIGIO) received
2024/09/07 14:06:24 [notice] 1#1: signal 17 (SIGCHLD) received from 23
2024/09/07 14:06:24 [notice] 1#1: worker process 23 exited with code 0
2024/09/07 14:06:24 [notice] 1#1: signal 29 (SIGIO) received
2024/09/07 14:06:24 [notice] 1#1: signal 17 (SIGCHLD) received from 22
2024/09/07 14:06:24 [notice] 1#1: worker process 22 exited with code 0
2024/09/07 14:06:24 [notice] 1#1: signal 29 (SIGIO) received
2024/09/07 14:06:24 [notice] 1#1: signal 17 (SIGCHLD) received from 21
2024/09/07 14:06:24 [notice] 1#1: worker process 21 exited with code 0
2024/09/07 14:06:24 [notice] 1#1: exit
2024/09/07 14:06:25 [notice] 1#1: using the "epoll" event method
2024/09/07 14:06:25 [notice] 1#1: nginx/1.27.1
2024/09/07 14:06:25 [notice] 1#1: built by gcc 12.2.0 (Debian 12.2.0-14) 
2024/09/07 14:06:25 [notice] 1#1: OS: Linux 6.8.11-amd64
2024/09/07 14:06:25 [notice] 1#1: getrlimit(RLIMIT_NOFILE): 1073741816:1073741816
2024/09/07 14:06:25 [notice] 1#1: start worker processes
2024/09/07 14:06:25 [notice] 1#1: start worker process 19
2024/09/07 14:06:25 [notice] 1#1: start worker process 20
2024/09/07 14:06:25 [notice] 1#1: start worker process 21
2024/09/07 14:06:25 [notice] 1#1: start worker process 22
2024/09/07 14:06:25 [notice] 1#1: start worker process 23
2024/09/07 14:06:25 [notice] 1#1: start worker process 24
2024/09/07 14:06:41 [error] 19#19: *1 connect() failed (111: Connection refused) while connecting to upstream, client: 172.18.0.1, server: hello.test, request: "GET / HTTP/1.1", upstream: "http://172.18.0.4:8000/", host: "127.0.0.1:8000"
2024/09/07 14:06:43 [error] 19#19: *1 connect() failed (111: Connection refused) while connecting to upstream, client: 172.18.0.1, server: hello.test, request: "GET / HTTP/1.1", upstream: "http://172.18.0.4:8000/", host: "127.0.0.1:8000"
2024/09/07 14:07:22 [error] 21#21: *5 connect() failed (111: Connection refused) while connecting to upstream, client: 172.18.0.1, server: hello.test, request: "GET / HTTP/1.1", upstream: "http://172.18.0.4:8000/", host: "localhost:8000"
2024/09/07 14:07:57 [notice] 1#1: signal 3 (SIGQUIT) received, shutting down
2024/09/07 14:07:57 [notice] 19#19: gracefully shutting down
2024/09/07 14:07:57 [notice] 21#21: gracefully shutting down
2024/09/07 14:07:57 [notice] 19#19: exiting
2024/09/07 14:07:57 [notice] 21#21: exiting
2024/09/07 14:07:57 [notice] 20#20: gracefully shutting down
2024/09/07 14:07:57 [notice] 21#21: exit
2024/09/07 14:07:57 [notice] 19#19: exit
2024/09/07 14:07:57 [notice] 20#20: exiting
2024/09/07 14:07:57 [notice] 22#22: gracefully shutting down
2024/09/07 14:07:57 [notice] 22#22: exiting
2024/09/07 14:07:57 [notice] 20#20: exit
2024/09/07 14:07:57 [notice] 22#22: exit
2024/09/07 14:07:57 [notice] 23#23: gracefully shutting down
2024/09/07 14:07:57 [notice] 23#23: exiting
2024/09/07 14:07:57 [notice] 24#24: gracefully shutting down
2024/09/07 14:07:57 [notice] 23#23: exit
2024/09/07 14:07:57 [notice] 24#24: exiting
2024/09/07 14:07:57 [notice] 24#24: exit
2024/09/07 14:07:57 [notice] 1#1: signal 17 (SIGCHLD) received from 21
2024/09/07 14:07:57 [notice] 1#1: worker process 21 exited with code 0
2024/09/07 14:07:57 [notice] 1#1: signal 29 (SIGIO) received
2024/09/07 14:07:57 [notice] 1#1: signal 17 (SIGCHLD) received from 22
2024/09/07 14:07:57 [notice] 1#1: worker process 22 exited with code 0
2024/09/07 14:07:57 [notice] 1#1: signal 29 (SIGIO) received
2024/09/07 14:07:57 [notice] 1#1: signal 17 (SIGCHLD) received from 24
2024/09/07 14:07:57 [notice] 1#1: worker process 19 exited with code 0
2024/09/07 14:07:57 [notice] 1#1: worker process 24 exited with code 0
2024/09/07 14:07:57 [notice] 1#1: signal 17 (SIGCHLD) received from 19
2024/09/07 14:07:57 [notice] 1#1: worker process 20 exited with code 0
2024/09/07 14:07:57 [notice] 1#1: worker process 23 exited with code 0
2024/09/07 14:07:57 [notice] 1#1: exit
2024/09/07 14:07:58 [notice] 1#1: using the "epoll" event method
2024/09/07 14:07:58 [notice] 1#1: nginx/1.27.1
2024/09/07 14:07:58 [notice] 1#1: built by gcc 12.2.0 (Debian 12.2.0-14) 
2024/09/07 14:07:58 [notice] 1#1: OS: Linux 6.8.11-amd64
2024/09/07 14:07:58 [notice] 1#1: getrlimit(RLIMIT_NOFILE): 1073741816:1073741816
2024/09/07 14:07:58 [notice] 1#1: start worker processes
2024/09/07 14:07:58 [notice] 1#1: start worker process 20
2024/09/07 14:07:58 [notice] 1#1: start worker process 21
2024/09/07 14:07:58 [notice] 1#1: start worker process 22
2024/09/07 14:07:58 [notice] 1#1: start worker process 23
2024/09/07 14:07:58 [notice] 1#1: start worker process 24
2024/09/07 14:07:58 [notice] 1#1: start worker process 25
2024/09/07 14:08:04 [error] 20#20: *1 directory index of "/var/www/hello.test/" is forbidden, client: 172.18.0.1, server: hello.test, request: "GET / HTTP/1.1", host: "localhost:8000"
2024/09/07 14:08:24 [error] 22#22: *3 directory index of "/var/www/hello.test/" is forbidden, client: 172.18.0.1, server: hello.test, request: "GET / HTTP/1.1", host: "127.0.0.1:8000"
2024/09/07 14:08:25 [error] 22#22: *3 directory index of "/var/www/hello.test/" is forbidden, client: 172.18.0.1, server: hello.test, request: "GET / HTTP/1.1", host: "127.0.0.1:8000"
2024/09/07 14:09:18 [notice] 1#1: signal 3 (SIGQUIT) received, shutting down
2024/09/07 14:09:18 [notice] 21#21: gracefully shutting down
2024/09/07 14:09:18 [notice] 21#21: exiting
2024/09/07 14:09:18 [notice] 25#25: gracefully shutting down
2024/09/07 14:09:18 [notice] 25#25: exiting
2024/09/07 14:09:18 [notice] 21#21: exit
2024/09/07 14:09:18 [notice] 25#25: exit
2024/09/07 14:09:18 [notice] 22#22: gracefully shutting down
2024/09/07 14:09:18 [notice] 22#22: exiting
2024/09/07 14:09:18 [notice] 22#22: exit
2024/09/07 14:09:18 [notice] 23#23: gracefully shutting down
2024/09/07 14:09:18 [notice] 20#20: gracefully shutting down
2024/09/07 14:09:18 [notice] 24#24: gracefully shutting down
2024/09/07 14:09:18 [notice] 23#23: exiting
2024/09/07 14:09:18 [notice] 20#20: exiting
2024/09/07 14:09:18 [notice] 24#24: exiting
2024/09/07 14:09:18 [notice] 24#24: exit
2024/09/07 14:09:18 [notice] 23#23: exit
2024/09/07 14:09:18 [notice] 20#20: exit
2024/09/07 14:09:18 [notice] 1#1: signal 17 (SIGCHLD) received from 25
2024/09/07 14:09:18 [notice] 1#1: worker process 25 exited with code 0
2024/09/07 14:09:18 [notice] 1#1: signal 29 (SIGIO) received
2024/09/07 14:09:18 [notice] 1#1: signal 17 (SIGCHLD) received from 24
2024/09/07 14:09:18 [notice] 1#1: worker process 24 exited with code 0
2024/09/07 14:09:18 [notice] 1#1: signal 29 (SIGIO) received
2024/09/07 14:09:18 [notice] 1#1: signal 17 (SIGCHLD) received from 21
2024/09/07 14:09:18 [notice] 1#1: worker process 21 exited with code 0
2024/09/07 14:09:18 [notice] 1#1: signal 29 (SIGIO) received
2024/09/07 14:09:18 [notice] 1#1: signal 17 (SIGCHLD) received from 20
2024/09/07 14:09:18 [notice] 1#1: worker process 20 exited with code 0
2024/09/07 14:09:18 [notice] 1#1: worker process 23 exited with code 0
2024/09/07 14:09:18 [notice] 1#1: signal 29 (SIGIO) received
2024/09/07 14:09:18 [notice] 1#1: signal 17 (SIGCHLD) received from 22
2024/09/07 14:09:18 [notice] 1#1: worker process 22 exited with code 0
2024/09/07 14:09:18 [notice] 1#1: exit
2024/09/07 14:09:19 [notice] 1#1: using the "epoll" event method
2024/09/07 14:09:19 [notice] 1#1: nginx/1.27.1
2024/09/07 14:09:19 [notice] 1#1: built by gcc 12.2.0 (Debian 12.2.0-14) 
2024/09/07 14:09:19 [notice] 1#1: OS: Linux 6.8.11-amd64
2024/09/07 14:09:19 [notice] 1#1: getrlimit(RLIMIT_NOFILE): 1073741816:1073741816
2024/09/07 14:09:19 [notice] 1#1: start worker processes
2024/09/07 14:09:19 [notice] 1#1: start worker process 20
2024/09/07 14:09:19 [notice] 1#1: start worker process 21
2024/09/07 14:09:19 [notice] 1#1: start worker process 22
2024/09/07 14:09:19 [notice] 1#1: start worker process 23
2024/09/07 14:09:19 [notice] 1#1: start worker process 24
2024/09/07 14:09:19 [notice] 1#1: start worker process 25
2024/09/07 14:15:55 [notice] 1#1: signal 3 (SIGQUIT) received, shutting down
2024/09/07 14:15:55 [notice] 21#21: gracefully shutting down
2024/09/07 14:15:55 [notice] 22#22: gracefully shutting down
2024/09/07 14:15:55 [notice] 21#21: exiting
2024/09/07 14:15:55 [notice] 20#20: gracefully shutting down
2024/09/07 14:15:55 [notice] 24#24: gracefully shutting down
2024/09/07 14:15:55 [notice] 25#25: gracefully shutting down
2024/09/07 14:15:55 [notice] 22#22: exiting
2024/09/07 14:15:55 [notice] 20#20: exiting
2024/09/07 14:15:55 [notice] 24#24: exiting
2024/09/07 14:15:55 [notice] 21#21: exit
2024/09/07 14:15:55 [notice] 25#25: exiting
2024/09/07 14:15:55 [notice] 22#22: exit
2024/09/07 14:15:55 [notice] 20#20: exit
2024/09/07 14:15:55 [notice] 24#24: exit
2024/09/07 14:15:55 [notice] 25#25: exit
2024/09/07 14:15:55 [notice] 23#23: gracefully shutting down
2024/09/07 14:15:55 [notice] 23#23: exiting
2024/09/07 14:15:55 [notice] 23#23: exit
2024/09/07 14:15:55 [notice] 1#1: signal 17 (SIGCHLD) received from 22
2024/09/07 14:15:55 [notice] 1#1: worker process 22 exited with code 0
2024/09/07 14:15:55 [notice] 1#1: worker process 23 exited with code 0
2024/09/07 14:15:55 [notice] 1#1: signal 29 (SIGIO) received
2024/09/07 14:15:55 [notice] 1#1: signal 17 (SIGCHLD) received from 20
2024/09/07 14:15:55 [notice] 1#1: worker process 20 exited with code 0
2024/09/07 14:15:55 [notice] 1#1: signal 29 (SIGIO) received
2024/09/07 14:15:55 [notice] 1#1: signal 17 (SIGCHLD) received from 21
2024/09/07 14:15:55 [notice] 1#1: worker process 21 exited with code 0
2024/09/07 14:15:55 [notice] 1#1: worker process 24 exited with code 0
2024/09/07 14:15:55 [notice] 1#1: signal 29 (SIGIO) received
2024/09/07 14:15:55 [notice] 1#1: signal 17 (SIGCHLD) received from 25
2024/09/07 14:15:55 [notice] 1#1: worker process 25 exited with code 0
2024/09/07 14:15:55 [notice] 1#1: exit
2024/09/07 14:15:56 [emerg] 1#1: unknown directive "127.0.0.1:8000" in /etc/nginx/conf.d/hello-test.conf:10
2024/09/07 14:16:38 [emerg] 1#1: unknown directive "127.0.0.1" in /etc/nginx/conf.d/hello-test.conf:10
2024/09/07 14:17:16 [emerg] 1#1: unknown directive "hello.test" in /etc/nginx/conf.d/hello-test.conf:10
2024/09/07 14:17:40 [notice] 1#1: using the "epoll" event method
2024/09/07 14:17:40 [notice] 1#1: nginx/1.27.1
2024/09/07 14:17:40 [notice] 1#1: built by gcc 12.2.0 (Debian 12.2.0-14) 
2024/09/07 14:17:40 [notice] 1#1: OS: Linux 6.8.11-amd64
2024/09/07 14:17:40 [notice] 1#1: getrlimit(RLIMIT_NOFILE): 1073741816:1073741816
2024/09/07 14:17:40 [notice] 1#1: start worker processes
2024/09/07 14:17:40 [notice] 1#1: start worker process 20
2024/09/07 14:17:40 [notice] 1#1: start worker process 21
2024/09/07 14:17:40 [notice] 1#1: start worker process 22
2024/09/07 14:17:40 [notice] 1#1: start worker process 23
2024/09/07 14:17:40 [notice] 1#1: start worker process 24
2024/09/07 14:17:40 [notice] 1#1: start worker process 25
2024/09/07 14:18:04 [error] 20#20: *1 directory index of "/var/www/hello.test/" is forbidden, client: 172.18.0.1, server: hello.test, request: "GET / HTTP/1.1", host: "127.0.0.1:8000"
2024/09/07 14:18:06 [error] 20#20: *1 directory index of "/var/www/hello.test/" is forbidden, client: 172.18.0.1, server: hello.test, request: "GET / HTTP/1.1", host: "127.0.0.1:8000"
2024/09/07 14:19:13 [notice] 1#1: signal 3 (SIGQUIT) received, shutting down
2024/09/07 14:19:13 [notice] 20#20: gracefully shutting down
2024/09/07 14:19:13 [notice] 21#21: gracefully shutting down
2024/09/07 14:19:13 [notice] 20#20: exiting
2024/09/07 14:19:13 [notice] 24#24: gracefully shutting down
2024/09/07 14:19:13 [notice] 21#21: exiting
2024/09/07 14:19:13 [notice] 24#24: exiting
2024/09/07 14:19:13 [notice] 20#20: exit
2024/09/07 14:19:13 [notice] 21#21: exit
2024/09/07 14:19:13 [notice] 24#24: exit
2024/09/07 14:19:13 [notice] 22#22: gracefully shutting down
2024/09/07 14:19:13 [notice] 22#22: exiting
2024/09/07 14:19:13 [notice] 22#22: exit
2024/09/07 14:19:13 [notice] 23#23: gracefully shutting down
2024/09/07 14:19:13 [notice] 23#23: exiting
2024/09/07 14:19:13 [notice] 23#23: exit
2024/09/07 14:19:13 [notice] 25#25: gracefully shutting down
2024/09/07 14:19:13 [notice] 25#25: exiting
2024/09/07 14:19:13 [notice] 25#25: exit
2024/09/07 14:19:13 [notice] 1#1: signal 17 (SIGCHLD) received from 21
2024/09/07 14:19:13 [notice] 1#1: worker process 21 exited with code 0
2024/09/07 14:19:13 [notice] 1#1: signal 29 (SIGIO) received
2024/09/07 14:19:13 [notice] 1#1: signal 17 (SIGCHLD) received from 24
2024/09/07 14:19:13 [notice] 1#1: worker process 23 exited with code 0
2024/09/07 14:19:13 [notice] 1#1: worker process 24 exited with code 0
2024/09/07 14:19:13 [notice] 1#1: worker process 25 exited with code 0
2024/09/07 14:19:13 [notice] 1#1: signal 29 (SIGIO) received
2024/09/07 14:19:13 [notice] 1#1: signal 17 (SIGCHLD) received from 22
2024/09/07 14:19:13 [notice] 1#1: worker process 20 exited with code 0
2024/09/07 14:19:13 [notice] 1#1: worker process 22 exited with code 0
2024/09/07 14:19:13 [notice] 1#1: exit
2024/09/07 14:19:14 [notice] 1#1: using the "epoll" event method
2024/09/07 14:19:14 [notice] 1#1: nginx/1.27.1
2024/09/07 14:19:14 [notice] 1#1: built by gcc 12.2.0 (Debian 12.2.0-14) 
2024/09/07 14:19:14 [notice] 1#1: OS: Linux 6.8.11-amd64
2024/09/07 14:19:14 [notice] 1#1: getrlimit(RLIMIT_NOFILE): 1073741816:1073741816
2024/09/07 14:19:14 [notice] 1#1: start worker processes
2024/09/07 14:19:14 [notice] 1#1: start worker process 20
2024/09/07 14:19:14 [notice] 1#1: start worker process 21
2024/09/07 14:19:14 [notice] 1#1: start worker process 22
2024/09/07 14:19:14 [notice] 1#1: start worker process 23
2024/09/07 14:19:14 [notice] 1#1: start worker process 24
2024/09/07 14:19:14 [notice] 1#1: start worker process 25
2024/09/07 14:20:42 [notice] 1#1: signal 3 (SIGQUIT) received, shutting down
2024/09/07 14:20:42 [notice] 24#24: gracefully shutting down
2024/09/07 14:20:42 [notice] 20#20: gracefully shutting down
2024/09/07 14:20:42 [notice] 25#25: gracefully shutting down
2024/09/07 14:20:42 [notice] 24#24: exiting
2024/09/07 14:20:42 [notice] 20#20: exiting
2024/09/07 14:20:42 [notice] 25#25: exiting
2024/09/07 14:20:42 [notice] 22#22: gracefully shutting down
2024/09/07 14:20:42 [notice] 24#24: exit
2024/09/07 14:20:42 [notice] 25#25: exit
2024/09/07 14:20:42 [notice] 20#20: exit
2024/09/07 14:20:42 [notice] 22#22: exiting
2024/09/07 14:20:42 [notice] 22#22: exit
2024/09/07 14:20:42 [notice] 21#21: gracefully shutting down
2024/09/07 14:20:42 [notice] 21#21: exiting
2024/09/07 14:20:42 [notice] 21#21: exit
2024/09/07 14:20:42 [notice] 23#23: gracefully shutting down
2024/09/07 14:20:42 [notice] 23#23: exiting
2024/09/07 14:20:42 [notice] 23#23: exit
2024/09/07 14:20:42 [notice] 1#1: signal 17 (SIGCHLD) received from 24
2024/09/07 14:20:42 [notice] 1#1: worker process 24 exited with code 0
2024/09/07 14:20:42 [notice] 1#1: signal 29 (SIGIO) received
2024/09/07 14:20:42 [notice] 1#1: signal 17 (SIGCHLD) received from 20
2024/09/07 14:20:42 [notice] 1#1: worker process 20 exited with code 0
2024/09/07 14:20:42 [notice] 1#1: signal 29 (SIGIO) received
2024/09/07 14:20:42 [notice] 1#1: signal 17 (SIGCHLD) received from 22
2024/09/07 14:20:42 [notice] 1#1: worker process 22 exited with code 0
2024/09/07 14:20:42 [notice] 1#1: signal 29 (SIGIO) received
2024/09/07 14:20:42 [notice] 1#1: signal 17 (SIGCHLD) received from 25
2024/09/07 14:20:42 [notice] 1#1: worker process 25 exited with code 0
2024/09/07 14:20:42 [notice] 1#1: worker process 23 exited with code 0
2024/09/07 14:20:42 [notice] 1#1: signal 29 (SIGIO) received
2024/09/07 14:20:42 [notice] 1#1: signal 17 (SIGCHLD) received from 23
2024/09/07 14:20:42 [notice] 1#1: signal 17 (SIGCHLD) received from 21
2024/09/07 14:20:42 [notice] 1#1: worker process 21 exited with code 0
2024/09/07 14:20:42 [notice] 1#1: exit
2024/09/07 14:20:43 [notice] 1#1: using the "epoll" event method
2024/09/07 14:20:43 [notice] 1#1: nginx/1.27.1
2024/09/07 14:20:43 [notice] 1#1: built by gcc 12.2.0 (Debian 12.2.0-14) 
2024/09/07 14:20:43 [notice] 1#1: OS: Linux 6.8.11-amd64
2024/09/07 14:20:43 [notice] 1#1: getrlimit(RLIMIT_NOFILE): 1073741816:1073741816
2024/09/07 14:20:43 [notice] 1#1: start worker processes
2024/09/07 14:20:43 [notice] 1#1: start worker process 20
2024/09/07 14:20:43 [notice] 1#1: start worker process 21
2024/09/07 14:20:43 [notice] 1#1: start worker process 22
2024/09/07 14:20:43 [notice] 1#1: start worker process 23
2024/09/07 14:20:43 [notice] 1#1: start worker process 24
2024/09/07 14:20:43 [notice] 1#1: start worker process 25
2024/09/07 14:22:47 [notice] 1#1: signal 3 (SIGQUIT) received, shutting down
2024/09/07 14:22:47 [notice] 21#21: gracefully shutting down
2024/09/07 14:22:47 [notice] 20#20: gracefully shutting down
2024/09/07 14:22:47 [notice] 21#21: exiting
2024/09/07 14:22:47 [notice] 20#20: exiting
2024/09/07 14:22:47 [notice] 20#20: exit
2024/09/07 14:22:47 [notice] 22#22: gracefully shutting down
2024/09/07 14:22:47 [notice] 22#22: exiting
2024/09/07 14:22:47 [notice] 22#22: exit
2024/09/07 14:22:47 [notice] 23#23: gracefully shutting down
2024/09/07 14:22:47 [notice] 23#23: exiting
2024/09/07 14:22:47 [notice] 23#23: exit
2024/09/07 14:22:47 [notice] 24#24: gracefully shutting down
2024/09/07 14:22:47 [notice] 24#24: exiting
2024/09/07 14:22:47 [notice] 24#24: exit
2024/09/07 14:22:47 [notice] 25#25: gracefully shutting down
2024/09/07 14:22:47 [notice] 21#21: exit
2024/09/07 14:22:47 [notice] 25#25: exiting
2024/09/07 14:22:47 [notice] 25#25: exit
2024/09/07 14:22:48 [notice] 1#1: signal 17 (SIGCHLD) received from 22
2024/09/07 14:22:48 [notice] 1#1: worker process 22 exited with code 0
2024/09/07 14:22:48 [notice] 1#1: signal 29 (SIGIO) received
2024/09/07 14:22:48 [notice] 1#1: signal 17 (SIGCHLD) received from 25
2024/09/07 14:22:48 [notice] 1#1: worker process 23 exited with code 0
2024/09/07 14:22:48 [notice] 1#1: worker process 24 exited with code 0
2024/09/07 14:22:48 [notice] 1#1: worker process 25 exited with code 0
2024/09/07 14:22:48 [notice] 1#1: signal 29 (SIGIO) received
2024/09/07 14:22:48 [notice] 1#1: signal 17 (SIGCHLD) received from 21
2024/09/07 14:22:48 [notice] 1#1: worker process 21 exited with code 0
2024/09/07 14:22:48 [notice] 1#1: signal 17 (SIGCHLD) received from 20
2024/09/07 14:22:48 [notice] 1#1: worker process 20 exited with code 0
2024/09/07 14:22:48 [notice] 1#1: exit
2024/09/07 14:22:49 [emerg] 1#1: unknown directive "127.0.0.1" in /etc/nginx/conf.d/hello-test.conf:11
2024/09/07 14:23:13 [notice] 1#1: using the "epoll" event method
2024/09/07 14:23:13 [notice] 1#1: nginx/1.27.1
2024/09/07 14:23:13 [notice] 1#1: built by gcc 12.2.0 (Debian 12.2.0-14) 
2024/09/07 14:23:13 [notice] 1#1: OS: Linux 6.8.11-amd64
2024/09/07 14:23:13 [notice] 1#1: getrlimit(RLIMIT_NOFILE): 1073741816:1073741816
2024/09/07 14:23:13 [notice] 1#1: start worker processes
2024/09/07 14:23:13 [notice] 1#1: start worker process 20
2024/09/07 14:23:13 [notice] 1#1: start worker process 21
2024/09/07 14:23:13 [notice] 1#1: start worker process 22
2024/09/07 14:23:13 [notice] 1#1: start worker process 23
2024/09/07 14:23:13 [notice] 1#1: start worker process 24
2024/09/07 14:23:13 [notice] 1#1: start worker process 25
2024/09/07 14:43:54 [notice] 1#1: signal 3 (SIGQUIT) received, shutting down
2024/09/07 14:43:54 [notice] 22#22: gracefully shutting down
2024/09/07 14:43:54 [notice] 20#20: gracefully shutting down
2024/09/07 14:43:54 [notice] 22#22: exiting
2024/09/07 14:43:54 [notice] 25#25: gracefully shutting down
2024/09/07 14:43:54 [notice] 21#21: gracefully shutting down
2024/09/07 14:43:54 [notice] 20#20: exiting
2024/09/07 14:43:54 [notice] 25#25: exiting
2024/09/07 14:43:54 [notice] 21#21: exiting
2024/09/07 14:43:54 [notice] 22#22: exit
2024/09/07 14:43:54 [notice] 20#20: exit
2024/09/07 14:43:54 [notice] 25#25: exit
2024/09/07 14:43:54 [notice] 21#21: exit
2024/09/07 14:43:54 [notice] 24#24: gracefully shutting down
2024/09/07 14:43:54 [notice] 24#24: exiting
2024/09/07 14:43:54 [notice] 23#23: gracefully shutting down
2024/09/07 14:43:54 [notice] 24#24: exit
2024/09/07 14:43:54 [notice] 23#23: exiting
2024/09/07 14:43:54 [notice] 23#23: exit
2024/09/07 14:43:54 [notice] 1#1: signal 17 (SIGCHLD) received from 21
2024/09/07 14:43:54 [notice] 1#1: worker process 21 exited with code 0
2024/09/07 14:43:54 [notice] 1#1: signal 29 (SIGIO) received
2024/09/07 14:43:54 [notice] 1#1: signal 17 (SIGCHLD) received from 24
2024/09/07 14:43:54 [notice] 1#1: worker process 24 exited with code 0
2024/09/07 14:43:54 [notice] 1#1: worker process 25 exited with code 0
2024/09/07 14:43:54 [notice] 1#1: signal 29 (SIGIO) received
2024/09/07 14:43:54 [notice] 1#1: signal 17 (SIGCHLD) received from 20
2024/09/07 14:43:54 [notice] 1#1: worker process 20 exited with code 0
2024/09/07 14:43:54 [notice] 1#1: signal 29 (SIGIO) received
2024/09/07 14:43:54 [notice] 1#1: signal 17 (SIGCHLD) received from 22
2024/09/07 14:43:54 [notice] 1#1: worker process 22 exited with code 0
2024/09/07 14:43:54 [notice] 1#1: worker process 23 exited with code 0
2024/09/07 14:43:54 [notice] 1#1: exit
2024/09/07 14:43:55 [notice] 1#1: using the "epoll" event method
2024/09/07 14:43:55 [notice] 1#1: nginx/1.27.1
2024/09/07 14:43:55 [notice] 1#1: built by gcc 12.2.0 (Debian 12.2.0-14) 
2024/09/07 14:43:55 [notice] 1#1: OS: Linux 6.8.11-amd64
2024/09/07 14:43:55 [notice] 1#1: getrlimit(RLIMIT_NOFILE): 1073741816:1073741816
2024/09/07 14:43:55 [notice] 1#1: start worker processes
2024/09/07 14:43:55 [notice] 1#1: start worker process 20
2024/09/07 14:43:55 [notice] 1#1: start worker process 21
2024/09/07 14:43:55 [notice] 1#1: start worker process 22
2024/09/07 14:43:55 [notice] 1#1: start worker process 23
2024/09/07 14:43:55 [notice] 1#1: start worker process 24
2024/09/07 14:43:55 [notice] 1#1: start worker process 25
2024/09/07 14:45:54 [notice] 1#1: signal 3 (SIGQUIT) received, shutting down
2024/09/07 14:45:54 [notice] 21#21: gracefully shutting down
2024/09/07 14:45:54 [notice] 25#25: gracefully shutting down
2024/09/07 14:45:54 [notice] 21#21: exiting
2024/09/07 14:45:54 [notice] 25#25: exiting
2024/09/07 14:45:54 [notice] 21#21: exit
2024/09/07 14:45:54 [notice] 25#25: exit
2024/09/07 14:45:54 [notice] 20#20: gracefully shutting down
2024/09/07 14:45:54 [notice] 20#20: exiting
2024/09/07 14:45:54 [notice] 20#20: exit
2024/09/07 14:45:54 [notice] 22#22: gracefully shutting down
2024/09/07 14:45:54 [notice] 22#22: exiting
2024/09/07 14:45:54 [notice] 22#22: exit
2024/09/07 14:45:54 [notice] 23#23: gracefully shutting down
2024/09/07 14:45:54 [notice] 23#23: exiting
2024/09/07 14:45:54 [notice] 23#23: exit
2024/09/07 14:45:54 [notice] 24#24: gracefully shutting down
2024/09/07 14:45:54 [notice] 24#24: exiting
2024/09/07 14:45:54 [notice] 24#24: exit
2024/09/07 14:45:54 [notice] 1#1: signal 17 (SIGCHLD) received from 25
2024/09/07 14:45:54 [notice] 1#1: worker process 24 exited with code 0
2024/09/07 14:45:54 [notice] 1#1: worker process 25 exited with code 0
2024/09/07 14:45:54 [notice] 1#1: signal 29 (SIGIO) received
2024/09/07 14:45:54 [notice] 1#1: signal 17 (SIGCHLD) received from 21
2024/09/07 14:45:54 [notice] 1#1: worker process 21 exited with code 0
2024/09/07 14:45:54 [notice] 1#1: worker process 22 exited with code 0
2024/09/07 14:45:54 [notice] 1#1: signal 29 (SIGIO) received
2024/09/07 14:45:54 [notice] 1#1: signal 17 (SIGCHLD) received from 23
2024/09/07 14:45:54 [notice] 1#1: worker process 20 exited with code 0
2024/09/07 14:45:54 [notice] 1#1: worker process 23 exited with code 0
2024/09/07 14:45:54 [notice] 1#1: exit
2024/09/07 14:45:55 [emerg] 1#1: no host in ":80" of the "listen" directive in /etc/nginx/conf.d/hello-test.conf:2
2024/09/07 14:47:15 [emerg] 1#1: no host in ":80" of the "listen" directive in /etc/nginx/conf.d/hello-test.conf:2
2024/09/07 14:47:47 [emerg] 1#1: no host in ":80" of the "listen" directive in /etc/nginx/conf.d/hello-test.conf:2
2024/09/07 14:48:59 [notice] 1#1: using the "epoll" event method
2024/09/07 14:48:59 [notice] 1#1: nginx/1.27.1
2024/09/07 14:48:59 [notice] 1#1: built by gcc 12.2.0 (Debian 12.2.0-14) 
2024/09/07 14:48:59 [notice] 1#1: OS: Linux 6.8.11-amd64
2024/09/07 14:48:59 [notice] 1#1: getrlimit(RLIMIT_NOFILE): 1073741816:1073741816
2024/09/07 14:48:59 [notice] 1#1: start worker processes
2024/09/07 14:48:59 [notice] 1#1: start worker process 20
2024/09/07 14:48:59 [notice] 1#1: start worker process 21
2024/09/07 14:48:59 [notice] 1#1: start worker process 22
2024/09/07 14:48:59 [notice] 1#1: start worker process 23
2024/09/07 14:48:59 [notice] 1#1: start worker process 24
2024/09/07 14:48:59 [notice] 1#1: start worker process 25
2024/09/07 15:06:07 [notice] 1#1: signal 3 (SIGQUIT) received, shutting down
2024/09/07 15:06:07 [notice] 20#20: gracefully shutting down
2024/09/07 15:06:07 [notice] 20#20: exiting
2024/09/07 15:06:07 [notice] 20#20: exit
2024/09/07 15:06:07 [notice] 21#21: gracefully shutting down
2024/09/07 15:06:07 [notice] 21#21: exiting
2024/09/07 15:06:07 [notice] 21#21: exit
2024/09/07 15:06:07 [notice] 22#22: gracefully shutting down
2024/09/07 15:06:07 [notice] 22#22: exiting
2024/09/07 15:06:07 [notice] 22#22: exit
2024/09/07 15:06:07 [notice] 23#23: gracefully shutting down
2024/09/07 15:06:07 [notice] 23#23: exiting
2024/09/07 15:06:07 [notice] 23#23: exit
2024/09/07 15:06:07 [notice] 24#24: gracefully shutting down
2024/09/07 15:06:07 [notice] 24#24: exiting
2024/09/07 15:06:07 [notice] 24#24: exit
2024/09/07 15:06:07 [notice] 25#25: gracefully shutting down
2024/09/07 15:06:07 [notice] 25#25: exiting
2024/09/07 15:06:07 [notice] 25#25: exit
2024/09/07 15:06:07 [notice] 1#1: signal 17 (SIGCHLD) received from 20
2024/09/07 15:06:07 [notice] 1#1: worker process 20 exited with code 0
2024/09/07 15:06:07 [notice] 1#1: signal 29 (SIGIO) received
2024/09/07 15:06:07 [notice] 1#1: signal 17 (SIGCHLD) received from 21
2024/09/07 15:06:07 [notice] 1#1: worker process 21 exited with code 0
2024/09/07 15:06:07 [notice] 1#1: signal 29 (SIGIO) received
2024/09/07 15:06:07 [notice] 1#1: signal 17 (SIGCHLD) received from 22
2024/09/07 15:06:07 [notice] 1#1: worker process 22 exited with code 0
2024/09/07 15:06:07 [notice] 1#1: signal 29 (SIGIO) received
2024/09/07 15:06:07 [notice] 1#1: signal 17 (SIGCHLD) received from 25
2024/09/07 15:06:07 [notice] 1#1: worker process 23 exited with code 0
2024/09/07 15:06:07 [notice] 1#1: worker process 24 exited with code 0
2024/09/07 15:06:07 [notice] 1#1: worker process 25 exited with code 0
2024/09/07 15:06:07 [notice] 1#1: exit
2024/09/07 15:13:04 [emerg] 1#1: unknown directive "127.0.0.1" in /etc/nginx/conf.d/hello.test.conf:3
2024/09/07 15:14:31 [notice] 1#1: using the "epoll" event method
2024/09/07 15:14:31 [notice] 1#1: nginx/1.27.1
2024/09/07 15:14:31 [notice] 1#1: built by gcc 12.2.0 (Debian 12.2.0-14) 
2024/09/07 15:14:31 [notice] 1#1: OS: Linux 6.8.11-amd64
2024/09/07 15:14:31 [notice] 1#1: getrlimit(RLIMIT_NOFILE): 1073741816:1073741816
2024/09/07 15:14:31 [notice] 1#1: start worker processes
2024/09/07 15:14:31 [notice] 1#1: start worker process 20
2024/09/07 15:14:31 [notice] 1#1: start worker process 21
2024/09/07 15:14:31 [notice] 1#1: start worker process 22
2024/09/07 15:14:31 [notice] 1#1: start worker process 23
2024/09/07 15:14:31 [notice] 1#1: start worker process 24
2024/09/07 15:14:31 [notice] 1#1: start worker process 25
2024/09/07 15:15:03 [error] 20#20: *1 open() "/var/www/hello.test/favicon.ico" failed (2: No such file or directory), client: 172.18.0.1, server: hello.test, request: "GET /favicon.ico HTTP/1.1", host: "127.0.0.1:8000", referrer: "http://127.0.0.1:8000/"
2024/09/07 15:15:17 [error] 22#22: *3 open() "/var/www/hello.test/favicon.ico" failed (2: No such file or directory), client: 172.18.0.1, server: hello.test, request: "GET /favicon.ico HTTP/1.1", host: "localhost:8000", referrer: "http://localhost:8000/"
2024/09/07 15:20:39 [notice] 1#1: signal 3 (SIGQUIT) received, shutting down
2024/09/07 15:20:39 [notice] 20#20: gracefully shutting down
2024/09/07 15:20:39 [notice] 20#20: exiting
2024/09/07 15:20:39 [notice] 20#20: exit
2024/09/07 15:20:39 [notice] 22#22: gracefully shutting down
2024/09/07 15:20:39 [notice] 22#22: exiting
2024/09/07 15:20:39 [notice] 22#22: exit
2024/09/07 15:20:39 [notice] 21#21: gracefully shutting down
2024/09/07 15:20:39 [notice] 21#21: exiting
2024/09/07 15:20:39 [notice] 21#21: exit
2024/09/07 15:20:39 [notice] 24#24: gracefully shutting down
2024/09/07 15:20:39 [notice] 23#23: gracefully shutting down
2024/09/07 15:20:39 [notice] 24#24: exiting
2024/09/07 15:20:39 [notice] 23#23: exiting
2024/09/07 15:20:39 [notice] 24#24: exit
2024/09/07 15:20:39 [notice] 23#23: exit
2024/09/07 15:20:39 [notice] 25#25: gracefully shutting down
2024/09/07 15:20:39 [notice] 25#25: exiting
2024/09/07 15:20:39 [notice] 25#25: exit
2024/09/07 15:20:39 [notice] 1#1: signal 17 (SIGCHLD) received from 24
2024/09/07 15:20:39 [notice] 1#1: worker process 21 exited with code 0
2024/09/07 15:20:39 [notice] 1#1: worker process 24 exited with code 0
2024/09/07 15:20:39 [notice] 1#1: signal 29 (SIGIO) received
2024/09/07 15:20:39 [notice] 1#1: signal 17 (SIGCHLD) received from 21
2024/09/07 15:20:39 [notice] 1#1: signal 17 (SIGCHLD) received from 20
2024/09/07 15:20:39 [notice] 1#1: worker process 20 exited with code 0
2024/09/07 15:20:39 [notice] 1#1: worker process 23 exited with code 0
2024/09/07 15:20:39 [notice] 1#1: signal 29 (SIGIO) received
2024/09/07 15:20:39 [notice] 1#1: signal 17 (SIGCHLD) received from 25
2024/09/07 15:20:39 [notice] 1#1: worker process 25 exited with code 0
2024/09/07 15:20:39 [notice] 1#1: signal 29 (SIGIO) received
2024/09/07 15:20:39 [notice] 1#1: signal 17 (SIGCHLD) received from 22
2024/09/07 15:20:39 [notice] 1#1: worker process 22 exited with code 0
2024/09/07 15:20:39 [notice] 1#1: exit
2024/09/07 15:20:40 [notice] 1#1: using the "epoll" event method
2024/09/07 15:20:40 [notice] 1#1: nginx/1.27.1
2024/09/07 15:20:40 [notice] 1#1: built by gcc 12.2.0 (Debian 12.2.0-14) 
2024/09/07 15:20:40 [notice] 1#1: OS: Linux 6.8.11-amd64
2024/09/07 15:20:40 [notice] 1#1: getrlimit(RLIMIT_NOFILE): 1073741816:1073741816
2024/09/07 15:20:40 [notice] 1#1: start worker processes
2024/09/07 15:20:40 [notice] 1#1: start worker process 20
2024/09/07 15:20:40 [notice] 1#1: start worker process 21
2024/09/07 15:20:40 [notice] 1#1: start worker process 22
2024/09/07 15:20:40 [notice] 1#1: start worker process 23
2024/09/07 15:20:40 [notice] 1#1: start worker process 24
2024/09/07 15:20:40 [notice] 1#1: start worker process 25
2024/09/07 15:20:57 [error] 20#20: *1 open() "/var/www/hello.test/favicon.ico" failed (2: No such file or directory), client: 172.18.0.1, server: 127.0.0.1, request: "GET /favicon.ico HTTP/1.1", host: "127.0.0.1:8000", referrer: "http://127.0.0.1:8000/"
2024/09/07 15:21:08 [error] 21#21: *3 open() "/var/www/hello.test/favicon.ico" failed (2: No such file or directory), client: 172.18.0.1, server: 127.0.0.1, request: "GET /favicon.ico HTTP/1.1", host: "localhost:8000", referrer: "http://localhost:8000/"
2024/09/07 15:25:11 [notice] 1#1: signal 3 (SIGQUIT) received, shutting down
2024/09/07 15:25:11 [notice] 20#20: gracefully shutting down
2024/09/07 15:25:11 [notice] 22#22: gracefully shutting down
2024/09/07 15:25:11 [notice] 20#20: exiting
2024/09/07 15:25:11 [notice] 22#22: exiting
2024/09/07 15:25:11 [notice] 21#21: gracefully shutting down
2024/09/07 15:25:11 [notice] 20#20: exit
2024/09/07 15:25:11 [notice] 22#22: exit
2024/09/07 15:25:11 [notice] 21#21: exiting
2024/09/07 15:25:11 [notice] 24#24: gracefully shutting down
2024/09/07 15:25:11 [notice] 21#21: exit
2024/09/07 15:25:11 [notice] 24#24: exiting
2024/09/07 15:25:11 [notice] 24#24: exit
2024/09/07 15:25:11 [notice] 23#23: gracefully shutting down
2024/09/07 15:25:11 [notice] 23#23: exiting
2024/09/07 15:25:11 [notice] 23#23: exit
2024/09/07 15:25:11 [notice] 25#25: gracefully shutting down
2024/09/07 15:25:11 [notice] 25#25: exiting
2024/09/07 15:25:11 [notice] 25#25: exit
2024/09/07 15:25:11 [notice] 1#1: signal 17 (SIGCHLD) received from 20
2024/09/07 15:25:11 [notice] 1#1: worker process 20 exited with code 0
2024/09/07 15:25:11 [notice] 1#1: worker process 22 exited with code 0
2024/09/07 15:25:11 [notice] 1#1: signal 29 (SIGIO) received
2024/09/07 15:25:11 [notice] 1#1: signal 17 (SIGCHLD) received from 23
2024/09/07 15:25:11 [notice] 1#1: worker process 23 exited with code 0
2024/09/07 15:25:11 [notice] 1#1: worker process 24 exited with code 0
2024/09/07 15:25:11 [notice] 1#1: worker process 25 exited with code 0
2024/09/07 15:25:11 [notice] 1#1: signal 29 (SIGIO) received
2024/09/07 15:25:11 [notice] 1#1: signal 17 (SIGCHLD) received from 25
2024/09/07 15:25:11 [notice] 1#1: worker process 21 exited with code 0
2024/09/07 15:25:11 [notice] 1#1: exit
2024/09/07 15:25:12 [notice] 1#1: using the "epoll" event method
2024/09/07 15:25:12 [notice] 1#1: nginx/1.27.1
2024/09/07 15:25:12 [notice] 1#1: built by gcc 12.2.0 (Debian 12.2.0-14) 
2024/09/07 15:25:12 [notice] 1#1: OS: Linux 6.8.11-amd64
2024/09/07 15:25:12 [notice] 1#1: getrlimit(RLIMIT_NOFILE): 1073741816:1073741816
2024/09/07 15:25:12 [notice] 1#1: start worker processes
2024/09/07 15:25:12 [notice] 1#1: start worker process 20
2024/09/07 15:25:12 [notice] 1#1: start worker process 21
2024/09/07 15:25:12 [notice] 1#1: start worker process 22
2024/09/07 15:25:12 [notice] 1#1: start worker process 23
2024/09/07 15:25:12 [notice] 1#1: start worker process 24
2024/09/07 15:25:12 [notice] 1#1: start worker process 25
2024/09/07 15:27:28 [notice] 1#1: signal 3 (SIGQUIT) received, shutting down
2024/09/07 15:27:28 [notice] 20#20: gracefully shutting down
2024/09/07 15:27:28 [notice] 20#20: exiting
2024/09/07 15:27:28 [notice] 20#20: exit
2024/09/07 15:27:28 [notice] 21#21: gracefully shutting down
2024/09/07 15:27:28 [notice] 21#21: exiting
2024/09/07 15:27:28 [notice] 21#21: exit
2024/09/07 15:27:28 [notice] 22#22: gracefully shutting down
2024/09/07 15:27:28 [notice] 22#22: exiting
2024/09/07 15:27:28 [notice] 22#22: exit
2024/09/07 15:27:28 [notice] 23#23: gracefully shutting down
2024/09/07 15:27:28 [notice] 23#23: exiting
2024/09/07 15:27:28 [notice] 23#23: exit
2024/09/07 15:27:28 [notice] 24#24: gracefully shutting down
2024/09/07 15:27:28 [notice] 24#24: exiting
2024/09/07 15:27:28 [notice] 25#25: gracefully shutting down
2024/09/07 15:27:28 [notice] 24#24: exit
2024/09/07 15:27:28 [notice] 25#25: exiting
2024/09/07 15:27:28 [notice] 25#25: exit
2024/09/07 15:27:28 [notice] 1#1: signal 17 (SIGCHLD) received from 23
2024/09/07 15:27:28 [notice] 1#1: worker process 23 exited with code 0
2024/09/07 15:27:28 [notice] 1#1: signal 29 (SIGIO) received
2024/09/07 15:27:28 [notice] 1#1: signal 17 (SIGCHLD) received from 21
2024/09/07 15:27:28 [notice] 1#1: worker process 21 exited with code 0
2024/09/07 15:27:28 [notice] 1#1: worker process 24 exited with code 0
2024/09/07 15:27:28 [notice] 1#1: signal 29 (SIGIO) received
2024/09/07 15:27:28 [notice] 1#1: signal 17 (SIGCHLD) received from 24
2024/09/07 15:27:28 [notice] 1#1: signal 17 (SIGCHLD) received from 25
2024/09/07 15:27:28 [notice] 1#1: worker process 25 exited with code 0
2024/09/07 15:27:28 [notice] 1#1: signal 29 (SIGIO) received
2024/09/07 15:27:28 [notice] 1#1: signal 17 (SIGCHLD) received from 20
2024/09/07 15:27:28 [notice] 1#1: worker process 20 exited with code 0
2024/09/07 15:27:28 [notice] 1#1: signal 29 (SIGIO) received
2024/09/07 15:27:28 [notice] 1#1: signal 17 (SIGCHLD) received from 22
2024/09/07 15:27:28 [notice] 1#1: worker process 22 exited with code 0
2024/09/07 15:27:28 [notice] 1#1: exit
2024/09/09 07:31:28 [notice] 1#1: using the "epoll" event method
2024/09/09 07:31:28 [notice] 1#1: nginx/1.27.1
2024/09/09 07:31:28 [notice] 1#1: built by gcc 12.2.0 (Debian 12.2.0-14) 
2024/09/09 07:31:28 [notice] 1#1: OS: Linux 6.8.11-amd64
2024/09/09 07:31:28 [notice] 1#1: getrlimit(RLIMIT_NOFILE): 1073741816:1073741816
2024/09/09 07:31:28 [notice] 1#1: start worker processes
2024/09/09 07:31:28 [notice] 1#1: start worker process 20
2024/09/09 07:31:28 [notice] 1#1: start worker process 21
2024/09/09 07:31:28 [notice] 1#1: start worker process 22
2024/09/09 07:31:28 [notice] 1#1: start worker process 23
2024/09/09 07:31:28 [notice] 1#1: start worker process 24
2024/09/09 07:31:28 [notice] 1#1: start worker process 25
2024/09/09 07:31:46 [error] 22#22: *1 open() "/var/www/hello.test/favicon.ico" failed (2: No such file or directory), client: 172.18.0.1, server: 127.0.0.1, request: "GET /favicon.ico HTTP/1.1", host: "localhost:8000", referrer: "http://localhost:8000/"
